<?xml version="1.0" encoding="UTF-8"?>
<!-- Generated by org.testng.reporters.JUnitXMLReporter -->
<testsuite hostname="DESKTOP-JFIIDIB" name="Test-method test" tests="3" failures="3" timestamp="3 Aug 2020 12:53:20 GMT" time="9.076" errors="0">
  <testcase name="verifyAcessEmpty" time="0.133" classname="tests.TestLoginBank">
    <failure type="java.lang.NullPointerException">
      <![CDATA[java.lang.NullPointerException
	at java.util.Objects.requireNonNull(Unknown Source)
	at org.openqa.selenium.support.ui.FluentWait.<init>(FluentWait.java:115)
	at org.openqa.selenium.support.ui.WebDriverWait.<init>(WebDriverWait.java:102)
	at org.openqa.selenium.support.ui.WebDriverWait.<init>(WebDriverWait.java:45)
	at managers.BasePage.getDriverWait(BasePage.java:35)
	at managers.BasePage.isElementClickable(BasePage.java:41)
	at managers.BasePage.sendKeys(BasePage.java:21)
	at page_objects.LogInBankPage.preencherLogin(LogInBankPage.java:42)
	at action_test.LoginAction.ActionTest(LoginAction.java:27)
	at action_test.LoginAction.dataProviderTest(LoginAction.java:20)
	at tests.TestLoginBank.verifyAcessEmpty(TestLoginBank.java:68)
	at java.util.concurrent.ThreadPoolExecutor.runWorker(Unknown Source)
	at java.util.concurrent.ThreadPoolExecutor$Worker.run(Unknown Source)
	at java.lang.Thread.run(Unknown Source)
... Removed 10 stack frames]]>
    </failure>
  </testcase> <!-- verifyAcessEmpty -->
  <testcase name="verifyAcessInvalid" time="0.006" classname="tests.TestLoginBank">
    <failure type="java.lang.NullPointerException">
      <![CDATA[java.lang.NullPointerException
	at java.util.Objects.requireNonNull(Unknown Source)
	at org.openqa.selenium.support.ui.FluentWait.<init>(FluentWait.java:115)
	at org.openqa.selenium.support.ui.WebDriverWait.<init>(WebDriverWait.java:102)
	at org.openqa.selenium.support.ui.WebDriverWait.<init>(WebDriverWait.java:45)
	at managers.BasePage.getDriverWait(BasePage.java:35)
	at managers.BasePage.isElementClickable(BasePage.java:41)
	at managers.BasePage.sendKeys(BasePage.java:21)
	at page_objects.LogInBankPage.preencherLogin(LogInBankPage.java:42)
	at action_test.LoginAction.ActionTest(LoginAction.java:27)
	at action_test.LoginAction.dataProviderTest(LoginAction.java:20)
	at tests.TestLoginBank.verifyAcessInvalid(TestLoginBank.java:55)
	at java.util.concurrent.ThreadPoolExecutor.runWorker(Unknown Source)
	at java.util.concurrent.ThreadPoolExecutor$Worker.run(Unknown Source)
	at java.lang.Thread.run(Unknown Source)
... Removed 10 stack frames]]>
    </failure>
  </testcase> <!-- verifyAcessInvalid -->
  <testcase name="verifyAcessSuccessfully" time="0.005" classname="tests.TestLoginBank">
    <failure type="java.lang.NullPointerException">
      <![CDATA[java.lang.NullPointerException
	at java.util.Objects.requireNonNull(Unknown Source)
	at org.openqa.selenium.support.ui.FluentWait.<init>(FluentWait.java:115)
	at org.openqa.selenium.support.ui.WebDriverWait.<init>(WebDriverWait.java:102)
	at org.openqa.selenium.support.ui.WebDriverWait.<init>(WebDriverWait.java:45)
	at managers.BasePage.getDriverWait(BasePage.java:35)
	at managers.BasePage.isElementClickable(BasePage.java:41)
	at managers.BasePage.sendKeys(BasePage.java:21)
	at page_objects.LogInBankPage.preencherLogin(LogInBankPage.java:42)
	at action_test.LoginAction.ActionTest(LoginAction.java:27)
	at action_test.LoginAction.dataProviderTest(LoginAction.java:20)
	at tests.TestLoginBank.verifyAcessSuccessfully(TestLoginBank.java:42)
	at java.util.concurrent.ThreadPoolExecutor.runWorker(Unknown Source)
	at java.util.concurrent.ThreadPoolExecutor$Worker.run(Unknown Source)
	at java.lang.Thread.run(Unknown Source)
... Removed 10 stack frames]]>
    </failure>
  </testcase> <!-- verifyAcessSuccessfully -->
</testsuite> <!-- Test-method test -->
