<?xml version="1.0" encoding="UTF-8"?>
<!-- Generated by org.testng.reporters.JUnitReportReporter -->
<testsuite hostname="DESKTOP-JFIIDIB" name="tests.TestLoginBank" tests="9" failures="0" timestamp="7 Aug 2020 02:37:10 GMT" time="61.572" errors="0">
  <testcase name="verifyAcessEmpty" time="3.861" classname="tests.TestLoginBank"/>
  <testcase name="verifyAcessSuccessfully" time="8.992" classname="tests.TestLoginBank"/>
  <testcase name="verifyAcessSuccessfully" time="6.582" classname="tests.TestLoginBank"/>
  <testcase name="verifyAcessInvalid" time="9.445" classname="tests.TestLoginBank"/>
  <testcase name="verifyAcessInvalid" time="5.910" classname="tests.TestLoginBank"/>
  <testcase name="verifyAcessSuccessfully" time="6.277" classname="tests.TestLoginBank"/>
  <testcase name="verifyAcessEmpty" time="5.038" classname="tests.TestLoginBank"/>
  <testcase name="verifyAcessEmpty" time="11.378" classname="tests.TestLoginBank"/>
  <testcase name="verifyAcessInvalid" time="4.089" classname="tests.TestLoginBank"/>
</testsuite> <!-- tests.TestLoginBank -->
