<?xml version="1.0" encoding="UTF-8"?>
<!-- Generated by org.testng.reporters.JUnitReportReporter -->
<testsuite hostname="DESKTOP-JFIIDIB" name="tests.TestSavingsAdd" tests="1" failures="0" timestamp="7 Aug 2020 01:29:43 GMT" time="5.870" errors="0">
  <testcase name="Abc" time="5.870" classname="tests.TestSavingsAdd"/>
</testsuite> <!-- tests.TestSavingsAdd -->
