<?xml version="1.0" encoding="UTF-8"?>
<!-- Generated by org.testng.reporters.JUnitReportReporter -->
<testsuite hostname="DESKTOP-JFIIDIB" name="tests.TestSavingsAdd" tests="1" failures="0" timestamp="7 Aug 2020 00:57:08 GMT" time="7.720" errors="0">
  <testcase name="Abc" time="7.720" classname="tests.TestSavingsAdd"/>
</testsuite> <!-- tests.TestSavingsAdd -->
