<?xml version="1.0" encoding="UTF-8"?>
<!-- Generated by org.testng.reporters.JUnitReportReporter -->
<testsuite hostname="DESKTOP-JFIIDIB" name="tests.TestSavingsAdd" tests="1" failures="0" timestamp="7 Aug 2020 01:19:40 GMT" time="8.217" errors="0">
  <testcase name="Abc" time="8.217" classname="tests.TestSavingsAdd"/>
</testsuite> <!-- tests.TestSavingsAdd -->
