<?xml version="1.0" encoding="UTF-8"?>
<!-- Generated by org.testng.reporters.JUnitReportReporter -->
<testsuite hostname="DESKTOP-JFIIDIB" name="tests.TestBank" tests="12" failures="0" timestamp="25 Aug 2020 03:43:36 GMT" time="424.568" errors="0">
  <testcase name="accountTypeSavingsOver1" time="38.145" classname="tests.TestBank"/>
  <testcase name="accountTypeSavingsOver3" time="33.289" classname="tests.TestBank"/>
  <testcase name="accountTypeSavingsOver3" time="35.056" classname="tests.TestBank"/>
  <testcase name="accountTypeSavingsOver4" time="32.608" classname="tests.TestBank"/>
  <testcase name="accountTypeSavingsOver3" time="35.092" classname="tests.TestBank"/>
  <testcase name="accountTypeSavingsOver1" time="37.908" classname="tests.TestBank"/>
  <testcase name="accountTypeSavingsOver2" time="36.767" classname="tests.TestBank"/>
  <testcase name="accountTypeSavingsOver1" time="34.288" classname="tests.TestBank"/>
  <testcase name="accountTypeSavingsOver2" time="37.118" classname="tests.TestBank"/>
  <testcase name="accountTypeSavingsOver4" time="35.087" classname="tests.TestBank"/>
  <testcase name="accountTypeSavingsOver2" time="35.176" classname="tests.TestBank"/>
  <testcase name="accountTypeSavingsOver4" time="34.034" classname="tests.TestBank"/>
</testsuite> <!-- tests.TestBank -->
